2015-03-08 20:32:20,504 - [ERROR] - from akka.actor.ActorSystemImpl in play-akka.actor.default-dispatcher-6 
Uncaught error from thread [play-akka.actor.default-dispatcher-3] shutting down JVM since 'akka.jvm-exit-on-fatal-error' is enabled
java.lang.NoClassDefFoundError: views/html/Index
	at controllers.Application.index(Application.java:20) ~[classes/:na]
	at Routes$$anonfun$routes$1$$anonfun$applyOrElse$1$$anonfun$apply$1.apply(routes_routing.scala:80) ~[classes/:na]
	at Routes$$anonfun$routes$1$$anonfun$applyOrElse$1$$anonfun$apply$1.apply(routes_routing.scala:80) ~[classes/:na]
	at play.core.Router$HandlerInvokerFactory$$anon$4.resultCall(Router.scala:264) ~[play_2.11-2.3.7.jar:2.3.7]
	at play.core.Router$HandlerInvokerFactory$JavaActionInvokerFactory$$anon$15$$anon$1.invocation(Router.scala:255) ~[play_2.11-2.3.7.jar:2.3.7]
	at play.core.j.JavaAction$$anon$1.call(JavaAction.scala:55) ~[play_2.11-2.3.7.jar:2.3.7]
	at play.core.j.JavaAction$$anonfun$11.apply(JavaAction.scala:82) ~[play_2.11-2.3.7.jar:2.3.7]
	at play.core.j.JavaAction$$anonfun$11.apply(JavaAction.scala:82) ~[play_2.11-2.3.7.jar:2.3.7]
	at scala.concurrent.impl.Future$PromiseCompletingRunnable.liftedTree1$1(Future.scala:24) ~[scala-library-2.11.1.jar:na]
	at scala.concurrent.impl.Future$PromiseCompletingRunnable.run(Future.scala:24) ~[scala-library-2.11.1.jar:na]
	at play.core.j.HttpExecutionContext$$anon$2.run(HttpExecutionContext.scala:40) ~[play_2.11-2.3.7.jar:2.3.7]
	at play.api.libs.iteratee.Execution$trampoline$.execute(Execution.scala:46) ~[play-iteratees_2.11-2.3.7.jar:2.3.7]
	at play.core.j.HttpExecutionContext.execute(HttpExecutionContext.scala:32) ~[play_2.11-2.3.7.jar:2.3.7]
	at scala.concurrent.impl.Future$.apply(Future.scala:31) ~[scala-library-2.11.1.jar:na]
	at scala.concurrent.Future$.apply(Future.scala:492) ~[scala-library-2.11.1.jar:na]
	at play.core.j.JavaAction$class.apply(JavaAction.scala:82) ~[play_2.11-2.3.7.jar:2.3.7]
	at play.core.Router$HandlerInvokerFactory$JavaActionInvokerFactory$$anon$15$$anon$1.apply(Router.scala:252) ~[play_2.11-2.3.7.jar:2.3.7]
	at play.api.mvc.Action$$anonfun$apply$1$$anonfun$apply$4$$anonfun$apply$5.apply(Action.scala:130) ~[play_2.11-2.3.7.jar:2.3.7]
	at play.api.mvc.Action$$anonfun$apply$1$$anonfun$apply$4$$anonfun$apply$5.apply(Action.scala:130) ~[play_2.11-2.3.7.jar:2.3.7]
	at play.utils.Threads$.withContextClassLoader(Threads.scala:21) ~[play_2.11-2.3.7.jar:2.3.7]
	at play.api.mvc.Action$$anonfun$apply$1$$anonfun$apply$4.apply(Action.scala:129) ~[play_2.11-2.3.7.jar:2.3.7]
	at play.api.mvc.Action$$anonfun$apply$1$$anonfun$apply$4.apply(Action.scala:128) ~[play_2.11-2.3.7.jar:2.3.7]
	at scala.Option.map(Option.scala:145) ~[scala-library-2.11.1.jar:na]
	at play.api.mvc.Action$$anonfun$apply$1.apply(Action.scala:128) ~[play_2.11-2.3.7.jar:2.3.7]
	at play.api.mvc.Action$$anonfun$apply$1.apply(Action.scala:121) ~[play_2.11-2.3.7.jar:2.3.7]
	at play.api.libs.iteratee.Iteratee$$anonfun$mapM$1.apply(Iteratee.scala:483) ~[play-iteratees_2.11-2.3.7.jar:2.3.7]
	at play.api.libs.iteratee.Iteratee$$anonfun$mapM$1.apply(Iteratee.scala:483) ~[play-iteratees_2.11-2.3.7.jar:2.3.7]
	at play.api.libs.iteratee.Iteratee$$anonfun$flatMapM$1.apply(Iteratee.scala:519) ~[play-iteratees_2.11-2.3.7.jar:2.3.7]
	at play.api.libs.iteratee.Iteratee$$anonfun$flatMapM$1.apply(Iteratee.scala:519) ~[play-iteratees_2.11-2.3.7.jar:2.3.7]
	at play.api.libs.iteratee.Iteratee$$anonfun$flatMap$1$$anonfun$apply$14.apply(Iteratee.scala:496) ~[play-iteratees_2.11-2.3.7.jar:2.3.7]
	at play.api.libs.iteratee.Iteratee$$anonfun$flatMap$1$$anonfun$apply$14.apply(Iteratee.scala:496) ~[play-iteratees_2.11-2.3.7.jar:2.3.7]
	at scala.concurrent.impl.Future$PromiseCompletingRunnable.liftedTree1$1(Future.scala:24) ~[scala-library-2.11.1.jar:na]
	at scala.concurrent.impl.Future$PromiseCompletingRunnable.run(Future.scala:24) ~[scala-library-2.11.1.jar:na]
	at akka.dispatch.TaskInvocation.run(AbstractDispatcher.scala:41) ~[akka-actor_2.11-2.3.4.jar:na]
	at akka.dispatch.ForkJoinExecutorConfigurator$AkkaForkJoinTask.exec(AbstractDispatcher.scala:393) [akka-actor_2.11-2.3.4.jar:na]
	at scala.concurrent.forkjoin.ForkJoinTask.doExec(ForkJoinTask.java:260) [scala-library-2.11.1.jar:na]
	at scala.concurrent.forkjoin.ForkJoinPool$WorkQueue.runTask(ForkJoinPool.java:1339) [scala-library-2.11.1.jar:na]
	at scala.concurrent.forkjoin.ForkJoinPool.runWorker(ForkJoinPool.java:1979) [scala-library-2.11.1.jar:na]
	at scala.concurrent.forkjoin.ForkJoinWorkerThread.run(ForkJoinWorkerThread.java:107) [scala-library-2.11.1.jar:na]
Caused by: java.lang.ClassNotFoundException: views.html.Index
	at java.net.URLClassLoader$1.run(URLClassLoader.java:372) ~[na:1.8.0_31]
	at java.net.URLClassLoader$1.run(URLClassLoader.java:361) ~[na:1.8.0_31]
	at java.security.AccessController.doPrivileged(Native Method) ~[na:1.8.0_31]
	at java.net.URLClassLoader.findClass(URLClassLoader.java:360) ~[na:1.8.0_31]
	at java.lang.ClassLoader.loadClass(ClassLoader.java:424) ~[na:1.8.0_31]
	at sun.misc.Launcher$AppClassLoader.loadClass(Launcher.java:308) ~[na:1.8.0_31]
	at java.lang.ClassLoader.loadClass(ClassLoader.java:357) ~[na:1.8.0_31]
	... 39 common frames omitted

